11:33:35.425     __

11:33:35.425  .--|  | .-----. .-----.

11:33:35.425  |  _  | |     | |  _  |

11:33:35.425  |_____| |__|__| |___  |

11:33:35.425                  |_____|

11:42:27.767     __

11:42:27.767  .--|  | .-----. .-----.

11:42:27.767  |  _  | |     | |  _  |

11:42:27.767  |_____| |__|__| |___  |

11:42:27.767                  |_____|

15:18:44.816     __

15:18:44.818  .--|  | .-----. .-----.

15:18:44.818  |  _  | |     | |  _  |

15:18:44.818  |_____| |__|__| |___  |

15:18:44.819                  |_____|

15:23:08.601     __

15:23:08.602  .--|  | .-----. .-----.

15:23:08.603  |  _  | |     | |  _  |

15:23:08.603  |_____| |__|__| |___  |

15:23:08.604                  |_____|

15:25:02.714     __

15:25:02.714  .--|  | .-----. .-----.

15:25:02.715  |  _  | |     | |  _  |

15:25:02.715  |_____| |__|__| |___  |

15:25:02.715                  |_____|

15:28:50.745     __

15:28:50.747  .--|  | .-----. .-----.

15:28:50.747  |  _  | |     | |  _  |

15:28:50.747  |_____| |__|__| |___  |

15:28:50.748                  |_____|

15:42:09.012 Application Start {2022-04-11}

15:46:09.833 Application Start {2022-04-11}

