main                   11:33:35.425     __
main                   11:33:35.425  .--|  | .-----. .-----.
main                   11:33:35.425  |  _  | |     | |  _  |
main                   11:33:35.425  |_____| |__|__| |___  |
main                   11:33:35.425                  |_____|
main                   11:42:27.767     __
main                   11:42:27.767  .--|  | .-----. .-----.
main                   11:42:27.767  |  _  | |     | |  _  |
main                   11:42:27.767  |_____| |__|__| |___  |
main                   11:42:27.767                  |_____|
main                   15:18:44.816     __
main                   15:18:44.818  .--|  | .-----. .-----.
main                   15:18:44.818  |  _  | |     | |  _  |
main                   15:18:44.819  |_____| |__|__| |___  |
main                   15:18:44.819                  |_____|
main                   15:23:08.601     __
main                   15:23:08.603  .--|  | .-----. .-----.
main                   15:23:08.603  |  _  | |     | |  _  |
main                   15:23:08.604  |_____| |__|__| |___  |
main                   15:23:08.604                  |_____|
main                   15:25:02.714     __
main                   15:25:02.714  .--|  | .-----. .-----.
main                   15:25:02.715  |  _  | |     | |  _  |
main                   15:25:02.715  |_____| |__|__| |___  |
main                   15:25:02.716                  |_____|
main                   15:28:50.745     __
main                   15:28:50.747  .--|  | .-----. .-----.
main                   15:28:50.747  |  _  | |     | |  _  |
main                   15:28:50.747  |_____| |__|__| |___  |
main                   15:28:50.748                  |_____|
main                   15:42:09.012 Application Start {2022-04-11}
main                   15:46:09.833 Application Start {2022-04-11}
