10:02:46.451     __

10:02:46.451  .--|  | .-----. .-----.

10:02:46.451  |  _  | |     | |  _  |

10:02:46.451  |_____| |__|__| |___  |

10:02:46.451                  |_____|

10:07:17.406     __
10:07:17.406  .--|  | .-----. .-----.
10:07:17.406  |  _  | |     | |  _  |
10:07:17.406  |_____| |__|__| |___  |
10:07:17.406                  |_____|
10:10:15.044 INFO  [main] cache     __
10:10:15.044 INFO  [main] cache  .--|  | .-----. .-----.
10:10:15.044 INFO  [main] cache  |  _  | |     | |  _  |
10:10:15.044 INFO  [main] cache  |_____| |__|__| |___  |
10:10:15.044 INFO  [main] cache                  |_____|
[32m10:10:57.171[0;39m [34mINFO [0;39m [main] cache     __
[32m10:10:57.171[0;39m [34mINFO [0;39m [main] cache  .--|  | .-----. .-----.
[32m10:10:57.171[0;39m [34mINFO [0;39m [main] cache  |  _  | |     | |  _  |
[32m10:10:57.171[0;39m [34mINFO [0;39m [main] cache  |_____| |__|__| |___  |
[32m10:10:57.171[0;39m [34mINFO [0;39m [main] cache                  |_____|
10:11:29.069 INFO  [main] cache     __ 
10:11:29.069 INFO  [main] cache  .--|  | .-----. .-----. 
10:11:29.069 INFO  [main] cache  |  _  | |     | |  _  | 
10:11:29.069 INFO  [main] cache  |_____| |__|__| |___  | 
10:11:29.069 INFO  [main] cache                  |_____| 
10:12:17.996 INFO  [main]:     __ 
10:12:17.996 INFO  [main]:  .--|  | .-----. .-----. 
10:12:17.996 INFO  [main]:  |  _  | |     | |  _  | 
10:12:17.996 INFO  [main]:  |_____| |__|__| |___  | 
10:12:17.996 INFO  [main]:                  |_____| 
15:18:26.748 INFO  [restartedMain]:     __ 
15:18:26.748 INFO  [restartedMain]:  .--|  | .-----. .-----. 
15:18:26.748 INFO  [restartedMain]:  |  _  | |     | |  _  | 
15:18:26.748 INFO  [restartedMain]:  |_____| |__|__| |___  | 
15:18:26.749 INFO  [restartedMain]:                  |_____| 
